{"numTotalTestSuites":409,"numPassedTestSuites":409,"numFailedTestSuites":0,"numPendingTestSuites":0,"numTotalTests":634,"numPassedTests":588,"numFailedTests":46,"numPendingTests":0,"numTodoTests":0,"startTime":1764261399793,"success":false,"testResults":[{"assertionResults":[{"ancestorTitles":["","Sanity Check"],"fullName":" Sanity Check should pass","status":"passed","title":"should pass","duration":1,"failureMessages":[]}],"startTime":1764261464410,"endTime":1764261464411,"status":"passed","message":"","name":"/Users/abhijita/Documents/Project-Prahlada/tests/sanity.test.ts"},{"assertionResults":[{"ancestorTitles":["","Accessibility (A11y)"],"fullName":" Accessibility (A11y) HierarchyMindMap has accessible content","status":"passed","title":"HierarchyMindMap has accessible content","duration":229,"failureMessages":[]},{"ancestorTitles":["","Accessibility (A11y)"],"fullName":" Accessibility (A11y) MapBoxVisual has keyboard accessible markers","status":"passed","title":"MapBoxVisual has keyboard accessible markers","duration":138,"failureMessages":[]}],"startTime":1764261447993,"endTime":1764261448360,"status":"passed","message":"","name":"/Users/abhijita/Documents/Project-Prahlada/tests/accessibility/ChartsAndMapsNarration.test.tsx"},{"assertionResults":[{"ancestorTitles":["","KeyboardFlow"],"fullName":" KeyboardFlow supports keyboard navigation","status":"passed","title":"supports keyboard navigation","duration":1,"failureMessages":[]}],"startTime":1764261461474,"endTime":1764261461475,"status":"passed","message":"","name":"/Users/abhijita/Documents/Project-Prahlada/tests/accessibility/KeyboardFlow.test.tsx"},{"assertionResults":[{"ancestorTitles":["","Accessibility & Screen Reader Flow","Screen Reader Navigation"],"fullName":" Accessibility & Screen Reader Flow Screen Reader Navigation provides proper heading hierarchy","status":"passed","title":"provides proper heading hierarchy","duration":306,"failureMessages":[]},{"ancestorTitles":["","Accessibility & Screen Reader Flow","Screen Reader Navigation"],"fullName":" Accessibility & Screen Reader Flow Screen Reader Navigation includes skip links for navigation","status":"passed","title":"includes skip links for navigation","duration":6,"failureMessages":[]},{"ancestorTitles":["","Accessibility & Screen Reader Flow","ARIA Labels and Descriptions"],"fullName":" Accessibility & Screen Reader Flow ARIA Labels and Descriptions provides ARIA labels for complex components","status":"passed","title":"provides ARIA labels for complex components","duration":7,"failureMessages":[]},{"ancestorTitles":["","Accessibility & Screen Reader Flow","ARIA Labels and Descriptions"],"fullName":" Accessibility & Screen Reader Flow ARIA Labels and Descriptions includes descriptive alt text for images","status":"passed","title":"includes descriptive alt text for images","duration":2,"failureMessages":[]},{"ancestorTitles":["","Accessibility & Screen Reader Flow","Keyboard Navigation"],"fullName":" Accessibility & Screen Reader Flow Keyboard Navigation supports Tab key navigation through interactive elements","status":"passed","title":"supports Tab key navigation through interactive elements","duration":27,"failureMessages":[]},{"ancestorTitles":["","Accessibility & Screen Reader Flow","Keyboard Navigation"],"fullName":" Accessibility & Screen Reader Flow Keyboard Navigation provides visible focus indicators","status":"passed","title":"provides visible focus indicators","duration":10,"failureMessages":[]},{"ancestorTitles":["","Accessibility & Screen Reader Flow","Color Contrast and Visual Accessibility"],"fullName":" Accessibility & Screen Reader Flow Color Contrast and Visual Accessibility maintains WCAG AA contrast ratios","status":"passed","title":"maintains WCAG AA contrast ratios","duration":1,"failureMessages":[]},{"ancestorTitles":["","Accessibility & Screen Reader Flow","Color Contrast and Visual Accessibility"],"fullName":" Accessibility & Screen Reader Flow Color Contrast and Visual Accessibility provides sufficient color contrast for links","status":"passed","title":"provides sufficient color contrast for links","duration":4,"failureMessages":[]},{"ancestorTitles":["","Accessibility & Screen Reader Flow","Form Accessibility"],"fullName":" Accessibility & Screen Reader Flow Form Accessibility associates labels with form controls","status":"passed","title":"associates labels with form controls","duration":7,"failureMessages":[]},{"ancestorTitles":["","Accessibility & Screen Reader Flow","Form Accessibility"],"fullName":" Accessibility & Screen Reader Flow Form Accessibility provides error messages for form validation","status":"passed","title":"provides error messages for form validation","duration":1,"failureMessages":[]}],"startTime":1764261411950,"endTime":1764261412324,"status":"passed","message":"","name":"/Users/abhijita/Documents/Project-Prahlada/tests/accessibility/accessibility.test.tsx"},{"assertionResults":[{"ancestorTitles":["","WCAG 2.1 AA Compliance","Keyboard Navigation"],"fullName":" WCAG 2.1 AA Compliance Keyboard Navigation supports Tab key navigation","status":"passed","title":"supports Tab key navigation","duration":325,"failureMessages":[]},{"ancestorTitles":["","WCAG 2.1 AA Compliance","Keyboard Navigation"],"fullName":" WCAG 2.1 AA Compliance Keyboard Navigation provides visible focus indicators","status":"passed","title":"provides visible focus indicators","duration":31,"failureMessages":[]},{"ancestorTitles":["","WCAG 2.1 AA Compliance","Keyboard Navigation"],"fullName":" WCAG 2.1 AA Compliance Keyboard Navigation handles arrow key navigation in tab components","status":"passed","title":"handles arrow key navigation in tab components","duration":9,"failureMessages":[]},{"ancestorTitles":["","WCAG 2.1 AA Compliance","Screen Reader Support"],"fullName":" WCAG 2.1 AA Compliance Screen Reader Support provides proper ARIA labels","status":"passed","title":"provides proper ARIA labels","duration":26,"failureMessages":[]},{"ancestorTitles":["","WCAG 2.1 AA Compliance","Screen Reader Support"],"fullName":" WCAG 2.1 AA Compliance Screen Reader Support maintains heading hierarchy","status":"passed","title":"maintains heading hierarchy","duration":29,"failureMessages":[]},{"ancestorTitles":["","WCAG 2.1 AA Compliance","Screen Reader Support"],"fullName":" WCAG 2.1 AA Compliance Screen Reader Support includes alt text for images","status":"passed","title":"includes alt text for images","duration":8,"failureMessages":[]},{"ancestorTitles":["","WCAG 2.1 AA Compliance","Color Contrast & Visual Accessibility"],"fullName":" WCAG 2.1 AA Compliance Color Contrast & Visual Accessibility maintains sufficient color contrast","status":"passed","title":"maintains sufficient color contrast","duration":4,"failureMessages":[]},{"ancestorTitles":["","WCAG 2.1 AA Compliance","Color Contrast & Visual Accessibility"],"fullName":" WCAG 2.1 AA Compliance Color Contrast & Visual Accessibility provides focus-visible styles","status":"passed","title":"provides focus-visible styles","duration":80,"failureMessages":[]},{"ancestorTitles":["","WCAG 2.1 AA Compliance","Motion & Animation Preferences"],"fullName":" WCAG 2.1 AA Compliance Motion & Animation Preferences respects prefers-reduced-motion","status":"skipped","title":"respects prefers-reduced-motion","failureMessages":[]}],"startTime":1764261421309,"endTime":1764261421822,"status":"passed","message":"","name":"/Users/abhijita/Documents/Project-Prahlada/tests/accessibility/wcag-compliance.test.tsx"},{"assertionResults":[{"ancestorTitles":["","Browser Compatibility (Chromium/WebKit/Gecko, including iOS vh quirks)","Modern Browser Support"],"fullName":" Browser Compatibility (Chromium/WebKit/Gecko, including iOS vh quirks) Modern Browser Support supports ES6+ features","status":"passed","title":"supports ES6+ features","duration":2,"failureMessages":[]},{"ancestorTitles":["","Browser Compatibility (Chromium/WebKit/Gecko, including iOS vh quirks)","Modern Browser Support"],"fullName":" Browser Compatibility (Chromium/WebKit/Gecko, including iOS vh quirks) Modern Browser Support handles async/await","status":"passed","title":"handles async/await","duration":1,"failureMessages":[]},{"ancestorTitles":["","Browser Compatibility (Chromium/WebKit/Gecko, including iOS vh quirks)","Modern Browser Support"],"fullName":" Browser Compatibility (Chromium/WebKit/Gecko, including iOS vh quirks) Modern Browser Support supports modern CSS features","status":"passed","title":"supports modern CSS features","duration":2,"failureMessages":[]},{"ancestorTitles":["","Browser Compatibility (Chromium/WebKit/Gecko, including iOS vh quirks)","Progressive Enhancement"],"fullName":" Browser Compatibility (Chromium/WebKit/Gecko, including iOS vh quirks) Progressive Enhancement works without JavaScript","status":"passed","title":"works without JavaScript","duration":0,"failureMessages":[]},{"ancestorTitles":["","Browser Compatibility (Chromium/WebKit/Gecko, including iOS vh quirks)","Progressive Enhancement"],"fullName":" Browser Compatibility (Chromium/WebKit/Gecko, including iOS vh quirks) Progressive Enhancement provides fallback for CSS Grid","status":"passed","title":"provides fallback for CSS Grid","duration":0,"failureMessages":[]},{"ancestorTitles":["","Browser Compatibility (Chromium/WebKit/Gecko, including iOS vh quirks)","Progressive Enhancement"],"fullName":" Browser Compatibility (Chromium/WebKit/Gecko, including iOS vh quirks) Progressive Enhancement handles missing API gracefully","status":"passed","title":"handles missing API gracefully","duration":0,"failureMessages":[]},{"ancestorTitles":["","Browser Compatibility (Chromium/WebKit/Gecko, including iOS vh quirks)","Cross-Browser Event Handling"],"fullName":" Browser Compatibility (Chromium/WebKit/Gecko, including iOS vh quirks) Cross-Browser Event Handling normalizes event objects","status":"passed","title":"normalizes event objects","duration":2,"failureMessages":[]},{"ancestorTitles":["","Browser Compatibility (Chromium/WebKit/Gecko, including iOS vh quirks)","Cross-Browser Event Handling"],"fullName":" Browser Compatibility (Chromium/WebKit/Gecko, including iOS vh quirks) Cross-Browser Event Handling handles touch and mouse events","status":"passed","title":"handles touch and mouse events","duration":2,"failureMessages":[]},{"ancestorTitles":["","Browser Compatibility (Chromium/WebKit/Gecko, including iOS vh quirks)","Polyfill Loading"],"fullName":" Browser Compatibility (Chromium/WebKit/Gecko, including iOS vh quirks) Polyfill Loading loads required polyfills","status":"passed","title":"loads required polyfills","duration":1,"failureMessages":[]},{"ancestorTitles":["","Browser Compatibility (Chromium/WebKit/Gecko, including iOS vh quirks)","Polyfill Loading"],"fullName":" Browser Compatibility (Chromium/WebKit/Gecko, including iOS vh quirks) Polyfill Loading detects browser capabilities","status":"passed","title":"detects browser capabilities","duration":0,"failureMessages":[]}],"startTime":1764261428329,"endTime":1764261428340,"status":"passed","message":"","name":"/Users/abhijita/Documents/Project-Prahlada/tests/browser/browser-compatibility.test.tsx"},{"assertionResults":[{"ancestorTitles":["","Build & Bundle Optimisation (tree-shaking, Lighthouse gates: Perf ≥ 90, A11y ≥ 95, Best Practices ≥ 95)","Code Splitting"],"fullName":" Build & Bundle Optimisation (tree-shaking, Lighthouse gates: Perf ≥ 90, A11y ≥ 95, Best Practices ≥ 95) Code Splitting splits vendor code from app code","status":"passed","title":"splits vendor code from app code","duration":2,"failureMessages":[]},{"ancestorTitles":["","Build & Bundle Optimisation (tree-shaking, Lighthouse gates: Perf ≥ 90, A11y ≥ 95, Best Practices ≥ 95)","Code Splitting"],"fullName":" Build & Bundle Optimisation (tree-shaking, Lighthouse gates: Perf ≥ 90, A11y ≥ 95, Best Practices ≥ 95) Code Splitting lazy loads route components","status":"passed","title":"lazy loads route components","duration":0,"failureMessages":[]},{"ancestorTitles":["","Build & Bundle Optimisation (tree-shaking, Lighthouse gates: Perf ≥ 90, A11y ≥ 95, Best Practices ≥ 95)","Code Splitting"],"fullName":" Build & Bundle Optimisation (tree-shaking, Lighthouse gates: Perf ≥ 90, A11y ≥ 95, Best Practices ≥ 95) Code Splitting creates optimized chunks for pages","status":"passed","title":"creates optimized chunks for pages","duration":2,"failureMessages":[]},{"ancestorTitles":["","Build & Bundle Optimisation (tree-shaking, Lighthouse gates: Perf ≥ 90, A11y ≥ 95, Best Practices ≥ 95)","Asset Optimization"],"fullName":" Build & Bundle Optimisation (tree-shaking, Lighthouse gates: Perf ≥ 90, A11y ≥ 95, Best Practices ≥ 95) Asset Optimization compresses text assets","status":"passed","title":"compresses text assets","duration":0,"failureMessages":[]},{"ancestorTitles":["","Build & Bundle Optimisation (tree-shaking, Lighthouse gates: Perf ≥ 90, A11y ≥ 95, Best Practices ≥ 95)","Asset Optimization"],"fullName":" Build & Bundle Optimisation (tree-shaking, Lighthouse gates: Perf ≥ 90, A11y ≥ 95, Best Practices ≥ 95) Asset Optimization optimizes images","status":"passed","title":"optimizes images","duration":1,"failureMessages":[]},{"ancestorTitles":["","Build & Bundle Optimisation (tree-shaking, Lighthouse gates: Perf ≥ 90, A11y ≥ 95, Best Practices ≥ 95)","Asset Optimization"],"fullName":" Build & Bundle Optimisation (tree-shaking, Lighthouse gates: Perf ≥ 90, A11y ≥ 95, Best Practices ≥ 95) Asset Optimization minifies CSS and JS","status":"passed","title":"minifies CSS and JS","duration":0,"failureMessages":[]},{"ancestorTitles":["","Build & Bundle Optimisation (tree-shaking, Lighthouse gates: Perf ≥ 90, A11y ≥ 95, Best Practices ≥ 95)","Tree Shaking"],"fullName":" Build & Bundle Optimisation (tree-shaking, Lighthouse gates: Perf ≥ 90, A11y ≥ 95, Best Practices ≥ 95) Tree Shaking removes unused code","status":"passed","title":"removes unused code","duration":0,"failureMessages":[]},{"ancestorTitles":["","Build & Bundle Optimisation (tree-shaking, Lighthouse gates: Perf ≥ 90, A11y ≥ 95, Best Practices ≥ 95)","Tree Shaking"],"fullName":" Build & Bundle Optimisation (tree-shaking, Lighthouse gates: Perf ≥ 90, A11y ≥ 95, Best Practices ≥ 95) Tree Shaking includes only used dependencies","status":"passed","title":"includes only used dependencies","duration":0,"failureMessages":[]},{"ancestorTitles":["","Build & Bundle Optimisation (tree-shaking, Lighthouse gates: Perf ≥ 90, A11y ≥ 95, Best Practices ≥ 95)","Performance Budgets"],"fullName":" Build & Bundle Optimisation (tree-shaking, Lighthouse gates: Perf ≥ 90, A11y ≥ 95, Best Practices ≥ 95) Performance Budgets meets bundle size limits","status":"passed","title":"meets bundle size limits","duration":0,"failureMessages":[]},{"ancestorTitles":["","Build & Bundle Optimisation (tree-shaking, Lighthouse gates: Perf ≥ 90, A11y ≥ 95, Best Practices ≥ 95)","Performance Budgets"],"fullName":" Build & Bundle Optimisation (tree-shaking, Lighthouse gates: Perf ≥ 90, A11y ≥ 95, Best Practices ≥ 95) Performance Budgets achieves good Lighthouse scores","status":"passed","title":"achieves good Lighthouse scores","duration":0,"failureMessages":[]}],"startTime":1764261428521,"endTime":1764261428526,"status":"passed","message":"","name":"/Users/abhijita/Documents/Project-Prahlada/tests/build/build-optimization.test.tsx"},{"assertionResults":[{"ancestorTitles":["","Build & Bundle Optimization","Code Splitting"],"fullName":" Build & Bundle Optimization Code Splitting splits vendor code from app code","status":"passed","title":"splits vendor code from app code","duration":3,"failureMessages":[]},{"ancestorTitles":["","Build & Bundle Optimization","Code Splitting"],"fullName":" Build & Bundle Optimization Code Splitting lazy loads route components","status":"passed","title":"lazy loads route components","duration":0,"failureMessages":[]},{"ancestorTitles":["","Build & Bundle Optimization","Code Splitting"],"fullName":" Build & Bundle Optimization Code Splitting creates optimized chunks for pages","status":"passed","title":"creates optimized chunks for pages","duration":2,"failureMessages":[]},{"ancestorTitles":["","Build & Bundle Optimization","Asset Optimization"],"fullName":" Build & Bundle Optimization Asset Optimization compresses text assets","status":"passed","title":"compresses text assets","duration":0,"failureMessages":[]},{"ancestorTitles":["","Build & Bundle Optimization","Asset Optimization"],"fullName":" Build & Bundle Optimization Asset Optimization optimizes images","status":"passed","title":"optimizes images","duration":0,"failureMessages":[]},{"ancestorTitles":["","Build & Bundle Optimization","Asset Optimization"],"fullName":" Build & Bundle Optimization Asset Optimization minifies CSS and JS","status":"passed","title":"minifies CSS and JS","duration":0,"failureMessages":[]},{"ancestorTitles":["","Build & Bundle Optimization","Tree Shaking"],"fullName":" Build & Bundle Optimization Tree Shaking removes unused code","status":"passed","title":"removes unused code","duration":0,"failureMessages":[]},{"ancestorTitles":["","Build & Bundle Optimization","Tree Shaking"],"fullName":" Build & Bundle Optimization Tree Shaking includes only used dependencies","status":"passed","title":"includes only used dependencies","duration":0,"failureMessages":[]},{"ancestorTitles":["","Build & Bundle Optimization","Performance Budgets"],"fullName":" Build & Bundle Optimization Performance Budgets meets bundle size limits","status":"passed","title":"meets bundle size limits","duration":0,"failureMessages":[]},{"ancestorTitles":["","Build & Bundle Optimization","Performance Budgets"],"fullName":" Build & Bundle Optimization Performance Budgets achieves good Lighthouse scores","status":"passed","title":"achieves good Lighthouse scores","duration":0,"failureMessages":[]}],"startTime":1764261425706,"endTime":1764261425712,"status":"passed","message":"","name":"/Users/abhijita/Documents/Project-Prahlada/tests/build/bundle-optimization.test.tsx"},{"assertionResults":[{"ancestorTitles":["","60 FPS Animation Performance","AnimatedGlassCard Performance"],"fullName":" 60 FPS Animation Performance AnimatedGlassCard Performance maintains 60 FPS during entrance animation","status":"passed","title":"maintains 60 FPS during entrance animation","duration":79,"failureMessages":[]},{"ancestorTitles":["","60 FPS Animation Performance","AnimatedGlassCard Performance"],"fullName":" 60 FPS Animation Performance AnimatedGlassCard Performance handles multiple cards without frame drops","status":"passed","title":"handles multiple cards without frame drops","duration":32,"failureMessages":[]},{"ancestorTitles":["","60 FPS Animation Performance","AnimatedNavTabs Performance"],"fullName":" 60 FPS Animation Performance AnimatedNavTabs Performance smooth tab transitions at 60 FPS","status":"passed","title":"smooth tab transitions at 60 FPS","duration":77,"failureMessages":[]},{"ancestorTitles":["","60 FPS Animation Performance","AnimatedNavTabs Performance"],"fullName":" 60 FPS Animation Performance AnimatedNavTabs Performance handles rapid tab switching smoothly","status":"passed","title":"handles rapid tab switching smoothly","duration":31,"failureMessages":[]},{"ancestorTitles":["","60 FPS Animation Performance","Animation Frame Budget"],"fullName":" 60 FPS Animation Performance Animation Frame Budget stays within 16ms frame budget","status":"passed","title":"stays within 16ms frame budget","duration":6,"failureMessages":[]}],"startTime":1764261413377,"endTime":1764261413604,"status":"passed","message":"","name":"/Users/abhijita/Documents/Project-Prahlada/tests/animation/60fps-performance.test.tsx"},{"assertionResults":[{"ancestorTitles":["","Frame Rate Monitoring (60 FPS)","Hero Entrance Animation Performance"],"fullName":" Frame Rate Monitoring (60 FPS) Hero Entrance Animation Performance maintains 60 FPS during card entrance animations","status":"passed","title":"maintains 60 FPS during card entrance animations","duration":135,"failureMessages":[]},{"ancestorTitles":["","Frame Rate Monitoring (60 FPS)","Hero Entrance Animation Performance"],"fullName":" Frame Rate Monitoring (60 FPS) Hero Entrance Animation Performance handles multiple simultaneous entrance animations","status":"passed","title":"handles multiple simultaneous entrance animations","duration":6,"failureMessages":[]},{"ancestorTitles":["","Frame Rate Monitoring (60 FPS)","Card Stagger Animation Performance"],"fullName":" Frame Rate Monitoring (60 FPS) Card Stagger Animation Performance maintains smooth stagger timing across multiple cards","status":"passed","title":"maintains smooth stagger timing across multiple cards","duration":36,"failureMessages":[]},{"ancestorTitles":["","Frame Rate Monitoring (60 FPS)","Card Stagger Animation Performance"],"fullName":" Frame Rate Monitoring (60 FPS) Card Stagger Animation Performance prevents frame drops during peak stagger load","status":"passed","title":"prevents frame drops during peak stagger load","duration":14,"failureMessages":[]},{"ancestorTitles":["","Frame Rate Monitoring (60 FPS)","NumberTicker Animation Performance"],"fullName":" Frame Rate Monitoring (60 FPS) NumberTicker Animation Performance animates number changes at consistent frame rate","status":"passed","title":"animates number changes at consistent frame rate","duration":6,"failureMessages":[]},{"ancestorTitles":["","Frame Rate Monitoring (60 FPS)","NumberTicker Animation Performance"],"fullName":" Frame Rate Monitoring (60 FPS) NumberTicker Animation Performance handles rapid consecutive number changes","status":"passed","title":"handles rapid consecutive number changes","duration":6,"failureMessages":[]},{"ancestorTitles":["","Frame Rate Monitoring (60 FPS)","Performance Benchmarks"],"fullName":" Frame Rate Monitoring (60 FPS) Performance Benchmarks meets 55-60 FPS target for complex animations","status":"passed","title":"meets 55-60 FPS target for complex animations","duration":21,"failureMessages":[]},{"ancestorTitles":["","Frame Rate Monitoring (60 FPS)","Performance Benchmarks"],"fullName":" Frame Rate Monitoring (60 FPS) Performance Benchmarks maintains performance under memory pressure","status":"passed","title":"maintains performance under memory pressure","duration":82,"failureMessages":[]}],"startTime":1764261411622,"endTime":1764261411929,"status":"passed","message":"","name":"/Users/abhijita/Documents/Project-Prahlada/tests/animation/frame-rate-monitoring.test.tsx"},{"assertionResults":[{"ancestorTitles":["","Input Latency (INP) - Target: < 50ms on mid-tier profile","Tab Click Response Time"],"fullName":" Input Latency (INP) - Target: < 50ms on mid-tier profile Tab Click Response Time responds to tab clicks within 50ms","status":"passed","title":"responds to tab clicks within 50ms","duration":53,"failureMessages":[]},{"ancestorTitles":["","Input Latency (INP) - Target: < 50ms on mid-tier profile","Tab Click Response Time"],"fullName":" Input Latency (INP) - Target: < 50ms on mid-tier profile Tab Click Response Time maintains low latency during animations","status":"passed","title":"maintains low latency during animations","duration":12,"failureMessages":[]},{"ancestorTitles":["","Input Latency (INP) - Target: < 50ms on mid-tier profile","Approve/Reject Button Response"],"fullName":" Input Latency (INP) - Target: < 50ms on mid-tier profile Approve/Reject Button Response handles approve/reject clicks with minimal delay","status":"passed","title":"handles approve/reject clicks with minimal delay","duration":10,"failureMessages":[]},{"ancestorTitles":["","Input Latency (INP) - Target: < 50ms on mid-tier profile","Approve/Reject Button Response"],"fullName":" Input Latency (INP) - Target: < 50ms on mid-tier profile Approve/Reject Button Response maintains responsiveness under load","status":"passed","title":"maintains responsiveness under load","duration":299,"failureMessages":[]},{"ancestorTitles":["","Input Latency (INP) - Target: < 50ms on mid-tier profile","Form Input Responsiveness"],"fullName":" Input Latency (INP) - Target: < 50ms on mid-tier profile Form Input Responsiveness provides immediate feedback for text input","status":"failed","title":"provides immediate feedback for text input","duration":115,"failureMessages":["expected 94.89300000000003 to be less than 50"],"location":{"line":184,"column":25}},{"ancestorTitles":["","Input Latency (INP) - Target: < 50ms on mid-tier profile","Form Input Responsiveness"],"fullName":" Input Latency (INP) - Target: < 50ms on mid-tier profile Form Input Responsiveness handles select dropdown changes quickly","status":"passed","title":"handles select dropdown changes quickly","duration":11,"failureMessages":[]},{"ancestorTitles":["","Input Latency (INP) - Target: < 50ms on mid-tier profile","Animation State Changes"],"fullName":" Input Latency (INP) - Target: < 50ms on mid-tier profile Animation State Changes transitions smoothly between animation states","status":"passed","title":"transitions smoothly between animation states","duration":4,"failureMessages":[]},{"ancestorTitles":["","Input Latency (INP) - Target: < 50ms on mid-tier profile","Animation State Changes"],"fullName":" Input Latency (INP) - Target: < 50ms on mid-tier profile Animation State Changes queues rapid state changes efficiently","status":"passed","title":"queues rapid state changes efficiently","duration":62,"failureMessages":[]},{"ancestorTitles":["","Input Latency (INP) - Target: < 50ms on mid-tier profile","Touch and Mobile Interactions"],"fullName":" Input Latency (INP) - Target: < 50ms on mid-tier profile Touch and Mobile Interactions responds quickly to touch events","status":"passed","title":"responds quickly to touch events","duration":7,"failureMessages":[]},{"ancestorTitles":["","Input Latency (INP) - Target: < 50ms on mid-tier profile","Touch and Mobile Interactions"],"fullName":" Input Latency (INP) - Target: < 50ms on mid-tier profile Touch and Mobile Interactions handles gesture-based interactions","status":"passed","title":"handles gesture-based interactions","duration":3,"failureMessages":[]},{"ancestorTitles":["","Input Latency (INP) - Target: < 50ms on mid-tier profile","Performance Under Load"],"fullName":" Input Latency (INP) - Target: < 50ms on mid-tier profile Performance Under Load maintains responsiveness with background tasks","status":"passed","title":"maintains responsiveness with background tasks","duration":3,"failureMessages":[]},{"ancestorTitles":["","Input Latency (INP) - Target: < 50ms on mid-tier profile","Performance Under Load"],"fullName":" Input Latency (INP) - Target: < 50ms on mid-tier profile Performance Under Load handles concurrent user interactions","status":"passed","title":"handles concurrent user interactions","duration":14,"failureMessages":[]}],"startTime":1764261404214,"endTime":1764261404810,"status":"failed","message":"","name":"/Users/abhijita/Documents/Project-Prahlada/tests/animation/input-latency.test.tsx"},{"assertionResults":[{"ancestorTitles":["","Interaction Performance & Responsiveness","Tab Navigation Performance"],"fullName":" Interaction Performance & Responsiveness Tab Navigation Performance responds to tab clicks within 100ms","status":"passed","title":"responds to tab clicks within 100ms","duration":216,"failureMessages":[]},{"ancestorTitles":["","Interaction Performance & Responsiveness","Tab Navigation Performance"],"fullName":" Interaction Performance & Responsiveness Tab Navigation Performance handles keyboard navigation smoothly","status":"passed","title":"handles keyboard navigation smoothly","duration":8,"failureMessages":[]},{"ancestorTitles":["","Interaction Performance & Responsiveness","NumberTicker Interactions"],"fullName":" Interaction Performance & Responsiveness NumberTicker Interactions updates smoothly on value changes","status":"passed","title":"updates smoothly on value changes","duration":97,"failureMessages":[]},{"ancestorTitles":["","Interaction Performance & Responsiveness","NumberTicker Interactions"],"fullName":" Interaction Performance & Responsiveness NumberTicker Interactions handles rapid value updates","status":"passed","title":"handles rapid value updates","duration":42,"failureMessages":[]},{"ancestorTitles":["","Interaction Performance & Responsiveness","Hover and Focus States"],"fullName":" Interaction Performance & Responsiveness Hover and Focus States applies hover effects without delay","status":"passed","title":"applies hover effects without delay","duration":4,"failureMessages":[]},{"ancestorTitles":["","Interaction Performance & Responsiveness","Hover and Focus States"],"fullName":" Interaction Performance & Responsiveness Hover and Focus States maintains focus indicators","status":"passed","title":"maintains focus indicators","duration":6,"failureMessages":[]},{"ancestorTitles":["","Interaction Performance & Responsiveness","Touch Interactions (Mobile)"],"fullName":" Interaction Performance & Responsiveness Touch Interactions (Mobile) responds to touch events on mobile","status":"passed","title":"responds to touch events on mobile","duration":7,"failureMessages":[]},{"ancestorTitles":["","Interaction Performance & Responsiveness","Touch Interactions (Mobile)"],"fullName":" Interaction Performance & Responsiveness Touch Interactions (Mobile) prevents double-tap zoom on interactive elements","status":"passed","title":"prevents double-tap zoom on interactive elements","duration":20,"failureMessages":[]}],"startTime":1764261418094,"endTime":1764261418494,"status":"passed","message":"","name":"/Users/abhijita/Documents/Project-Prahlada/tests/animation/interaction-performance.test.tsx"},{"assertionResults":[{"ancestorTitles":["","Layout Thrashing / Reflow Check","NumberTicker Layout Thrashing Prevention"],"fullName":" Layout Thrashing / Reflow Check NumberTicker Layout Thrashing Prevention minimizes layout queries during number animation","status":"passed","title":"minimizes layout queries during number animation","duration":161,"failureMessages":[]},{"ancestorTitles":["","Layout Thrashing / Reflow Check","NumberTicker Layout Thrashing Prevention"],"fullName":" Layout Thrashing / Reflow Check NumberTicker Layout Thrashing Prevention uses cached measurements to prevent reflow","status":"passed","title":"uses cached measurements to prevent reflow","duration":4,"failureMessages":[]},{"ancestorTitles":["","Layout Thrashing / Reflow Check","Tab Transition Layout Stability"],"fullName":" Layout Thrashing / Reflow Check Tab Transition Layout Stability prevents reflow during tab switching","status":"passed","title":"prevents reflow during tab switching","duration":125,"failureMessages":[]},{"ancestorTitles":["","Layout Thrashing / Reflow Check","Tab Transition Layout Stability"],"fullName":" Layout Thrashing / Reflow Check Tab Transition Layout Stability renders without layout errors","status":"passed","title":"renders without layout errors","duration":5,"failureMessages":[]},{"ancestorTitles":["","Layout Thrashing / Reflow Check","Animation Frame Management"],"fullName":" Layout Thrashing / Reflow Check Animation Frame Management batches DOM updates to prevent thrashing","status":"passed","title":"batches DOM updates to prevent thrashing","duration":4,"failureMessages":[]},{"ancestorTitles":["","Layout Thrashing / Reflow Check","Animation Frame Management"],"fullName":" Layout Thrashing / Reflow Check Animation Frame Management handles animations without errors","status":"passed","title":"handles animations without errors","duration":4,"failureMessages":[]},{"ancestorTitles":["","Layout Thrashing / Reflow Check","Memory and Performance Monitoring"],"fullName":" Layout Thrashing / Reflow Check Memory and Performance Monitoring prevents memory leaks from animation loops","status":"passed","title":"prevents memory leaks from animation loops","duration":4,"failureMessages":[]},{"ancestorTitles":["","Layout Thrashing / Reflow Check","Memory and Performance Monitoring"],"fullName":" Layout Thrashing / Reflow Check Memory and Performance Monitoring monitors and reports layout thrashing","status":"passed","title":"monitors and reports layout thrashing","duration":3,"failureMessages":[]}],"startTime":1764261408381,"endTime":1764261408692,"status":"passed","message":"","name":"/Users/abhijita/Documents/Project-Prahlada/tests/animation/layout-thrashing-check.test.tsx"},{"assertionResults":[{"ancestorTitles":["","Framer Motion Memory Leak Test","Animation Loop Cleanup"],"fullName":" Framer Motion Memory Leak Test Animation Loop Cleanup cleans up animation loops on component unmount","status":"passed","title":"cleans up animation loops on component unmount","duration":26,"failureMessages":[]},{"ancestorTitles":["","Framer Motion Memory Leak Test","Animation Loop Cleanup"],"fullName":" Framer Motion Memory Leak Test Animation Loop Cleanup prevents memory accumulation during rapid tab switching","status":"passed","title":"prevents memory accumulation during rapid tab switching","duration":471,"failureMessages":[]},{"ancestorTitles":["","Framer Motion Memory Leak Test","Event Listener Cleanup"],"fullName":" Framer Motion Memory Leak Test Event Listener Cleanup component unmounts cleanly","status":"passed","title":"component unmounts cleanly","duration":4,"failureMessages":[]},{"ancestorTitles":["","Framer Motion Memory Leak Test","Event Listener Cleanup"],"fullName":" Framer Motion Memory Leak Test Event Listener Cleanup prevents event listener accumulation","status":"passed","title":"prevents event listener accumulation","duration":5,"failureMessages":[]},{"ancestorTitles":["","Framer Motion Memory Leak Test","Animation State Management"],"fullName":" Framer Motion Memory Leak Test Animation State Management clears animation state on component unmount","status":"passed","title":"clears animation state on component unmount","duration":3,"failureMessages":[]},{"ancestorTitles":["","Framer Motion Memory Leak Test","Animation State Management"],"fullName":" Framer Motion Memory Leak Test Animation State Management reuses animation objects to prevent memory growth","status":"passed","title":"reuses animation objects to prevent memory growth","duration":2,"failureMessages":[]},{"ancestorTitles":["","Framer Motion Memory Leak Test","Timer and Interval Cleanup"],"fullName":" Framer Motion Memory Leak Test Timer and Interval Cleanup component unmounts without errors","status":"passed","title":"component unmounts without errors","duration":1,"failureMessages":[]},{"ancestorTitles":["","Framer Motion Memory Leak Test","Timer and Interval Cleanup"],"fullName":" Framer Motion Memory Leak Test Timer and Interval Cleanup handles multiple re-renders without accumulation","status":"passed","title":"handles multiple re-renders without accumulation","duration":15,"failureMessages":[]},{"ancestorTitles":["","Framer Motion Memory Leak Test","Memory Usage Monitoring"],"fullName":" Framer Motion Memory Leak Test Memory Usage Monitoring tracks memory usage during animations","status":"passed","title":"tracks memory usage during animations","duration":1,"failureMessages":[]},{"ancestorTitles":["","Framer Motion Memory Leak Test","Memory Usage Monitoring"],"fullName":" Framer Motion Memory Leak Test Memory Usage Monitoring detects and reports memory leaks","status":"passed","title":"detects and reports memory leaks","duration":1,"failureMessages":[]}],"startTime":1764261408828,"endTime":1764261409357,"status":"passed","message":"","name":"/Users/abhijita/Documents/Project-Prahlada/tests/animation/memory-leak-tests.test.tsx"},{"assertionResults":[{"ancestorTitles":["","Reduced Motion Preferences","Prefers Reduced Motion Detection"],"fullName":" Reduced Motion Preferences Prefers Reduced Motion Detection detects prefers-reduced-motion setting","status":"passed","title":"detects prefers-reduced-motion setting","duration":24,"failureMessages":[]},{"ancestorTitles":["","Reduced Motion Preferences","Prefers Reduced Motion Detection"],"fullName":" Reduced Motion Preferences Prefers Reduced Motion Detection respects user accessibility preferences","status":"passed","title":"respects user accessibility preferences","duration":2,"failureMessages":[]},{"ancestorTitles":["","Reduced Motion Preferences","Animation Reduction"],"fullName":" Reduced Motion Preferences Animation Reduction disables entrance animations when reduced motion is preferred","status":"passed","title":"disables entrance animations when reduced motion is preferred","duration":2,"failureMessages":[]},{"ancestorTitles":["","Reduced Motion Preferences","Animation Reduction"],"fullName":" Reduced Motion Preferences Animation Reduction minimizes motion for tab transitions","status":"passed","title":"minimizes motion for tab transitions","duration":11,"failureMessages":[]},{"ancestorTitles":["","Reduced Motion Preferences","Animation Reduction"],"fullName":" Reduced Motion Preferences Animation Reduction provides static alternatives to animated elements","status":"passed","title":"provides static alternatives to animated elements","duration":8,"failureMessages":[]},{"ancestorTitles":["","Reduced Motion Preferences","Progressive Enhancement"],"fullName":" Reduced Motion Preferences Progressive Enhancement works without motion when JavaScript is disabled","status":"passed","title":"works without motion when JavaScript is disabled","duration":413,"failureMessages":[]},{"ancestorTitles":["","Reduced Motion Preferences","Progressive Enhancement"],"fullName":" Reduced Motion Preferences Progressive Enhancement provides meaningful content without animations","status":"passed","title":"provides meaningful content without animations","duration":38,"failureMessages":[]},{"ancestorTitles":["","Reduced Motion Preferences","Performance with Reduced Motion"],"fullName":" Reduced Motion Preferences Performance with Reduced Motion improves performance by skipping animations","status":"passed","title":"improves performance by skipping animations","duration":13,"failureMessages":[]},{"ancestorTitles":["","Reduced Motion Preferences","Performance with Reduced Motion"],"fullName":" Reduced Motion Preferences Performance with Reduced Motion reduces CPU usage during interactions","status":"passed","title":"reduces CPU usage during interactions","duration":145,"failureMessages":[]},{"ancestorTitles":["","Reduced Motion Preferences","Cross-Browser Compatibility"],"fullName":" Reduced Motion Preferences Cross-Browser Compatibility handles browsers without matchMedia support","status":"passed","title":"handles browsers without matchMedia support","duration":53,"failureMessages":[]},{"ancestorTitles":["","Reduced Motion Preferences","Cross-Browser Compatibility"],"fullName":" Reduced Motion Preferences Cross-Browser Compatibility provides fallbacks for different browser capabilities","status":"passed","title":"provides fallbacks for different browser capabilities","duration":7,"failureMessages":[]},{"ancestorTitles":["","Reduced Motion Preferences","User Experience Continuity"],"fullName":" Reduced Motion Preferences User Experience Continuity maintains visual hierarchy without motion","status":"passed","title":"maintains visual hierarchy without motion","duration":17,"failureMessages":[]},{"ancestorTitles":["","Reduced Motion Preferences","User Experience Continuity"],"fullName":" Reduced Motion Preferences User Experience Continuity preserves content readability and usability","status":"passed","title":"preserves content readability and usability","duration":14,"failureMessages":[]}],"startTime":1764261409698,"endTime":1764261410445,"status":"passed","message":"","name":"/Users/abhijita/Documents/Project-Prahlada/tests/animation/reduced-motion.test.tsx"},{"assertionResults":[{"ancestorTitles":["","Chart Visualization Tests","CustomBarChart Rendering"],"fullName":" Chart Visualization Tests CustomBarChart Rendering renders bars with correct heights","status":"passed","title":"renders bars with correct heights","duration":192,"failureMessages":[]},{"ancestorTitles":["","Chart Visualization Tests","CustomBarChart Rendering"],"fullName":" Chart Visualization Tests CustomBarChart Rendering displays axis labels","status":"passed","title":"displays axis labels","duration":18,"failureMessages":[]},{"ancestorTitles":["","Chart Visualization Tests","CustomLineChart Rendering"],"fullName":" Chart Visualization Tests CustomLineChart Rendering renders line path and data points","status":"passed","title":"renders line path and data points","duration":3,"failureMessages":[]},{"ancestorTitles":["","Chart Visualization Tests","CustomLineChart Rendering"],"fullName":" Chart Visualization Tests CustomLineChart Rendering shows grid lines and markers","status":"passed","title":"shows grid lines and markers","duration":4,"failureMessages":[]},{"ancestorTitles":["","Chart Visualization Tests","CustomPieChart Rendering"],"fullName":" Chart Visualization Tests CustomPieChart Rendering renders pie segments with colors","status":"passed","title":"renders pie segments with colors","duration":31,"failureMessages":[]},{"ancestorTitles":["","Chart Visualization Tests","CustomPieChart Rendering"],"fullName":" Chart Visualization Tests CustomPieChart Rendering displays legend labels","status":"passed","title":"displays legend labels","duration":6,"failureMessages":[]},{"ancestorTitles":["","Chart Visualization Tests","Chart Responsiveness"],"fullName":" Chart Visualization Tests Chart Responsiveness adapts to different container sizes","status":"passed","title":"adapts to different container sizes","duration":7,"failureMessages":[]}],"startTime":1764261422521,"endTime":1764261422784,"status":"passed","message":"","name":"/Users/abhijita/Documents/Project-Prahlada/tests/charts/chart-visualization.test.tsx"},{"assertionResults":[{"ancestorTitles":["","Other Data Visualization - Enhanced Chart Testing","CustomBarChart Advanced Features"],"fullName":" Other Data Visualization - Enhanced Chart Testing CustomBarChart Advanced Features renders multi-category bar chart with Hindi labels","status":"passed","title":"renders multi-category bar chart with Hindi labels","duration":133,"failureMessages":[]},{"ancestorTitles":["","Other Data Visualization - Enhanced Chart Testing","CustomBarChart Advanced Features"],"fullName":" Other Data Visualization - Enhanced Chart Testing CustomBarChart Advanced Features displays values and categories correctly","status":"passed","title":"displays values and categories correctly","duration":35,"failureMessages":[]},{"ancestorTitles":["","Other Data Visualization - Enhanced Chart Testing","CustomBarChart Advanced Features"],"fullName":" Other Data Visualization - Enhanced Chart Testing CustomBarChart Advanced Features handles negative values gracefully","status":"passed","title":"handles negative values gracefully","duration":3,"failureMessages":[]},{"ancestorTitles":["","Other Data Visualization - Enhanced Chart Testing","CustomBarChart Advanced Features"],"fullName":" Other Data Visualization - Enhanced Chart Testing CustomBarChart Advanced Features supports custom colors and theming","status":"passed","title":"supports custom colors and theming","duration":6,"failureMessages":[]},{"ancestorTitles":["","Other Data Visualization - Enhanced Chart Testing","CustomLineChart Multi-Series Support"],"fullName":" Other Data Visualization - Enhanced Chart Testing CustomLineChart Multi-Series Support renders multiple data series with legends","status":"passed","title":"renders multiple data series with legends","duration":2,"failureMessages":[]},{"ancestorTitles":["","Other Data Visualization - Enhanced Chart Testing","CustomLineChart Multi-Series Support"],"fullName":" Other Data Visualization - Enhanced Chart Testing CustomLineChart Multi-Series Support displays Hindi axis labels and legends","status":"passed","title":"displays Hindi axis labels and legends","duration":1,"failureMessages":[]},{"ancestorTitles":["","Other Data Visualization - Enhanced Chart Testing","CustomLineChart Multi-Series Support"],"fullName":" Other Data Visualization - Enhanced Chart Testing CustomLineChart Multi-Series Support handles missing data points gracefully","status":"passed","title":"handles missing data points gracefully","duration":1,"failureMessages":[]},{"ancestorTitles":["","Other Data Visualization - Enhanced Chart Testing","CustomLineChart Multi-Series Support"],"fullName":" Other Data Visualization - Enhanced Chart Testing CustomLineChart Multi-Series Support supports interactive hover states","status":"passed","title":"supports interactive hover states","duration":6,"failureMessages":[]},{"ancestorTitles":["","Other Data Visualization - Enhanced Chart Testing","CustomPieChart Enhanced Features"],"fullName":" Other Data Visualization - Enhanced Chart Testing CustomPieChart Enhanced Features renders pie segments with percentages and labels","status":"passed","title":"renders pie segments with percentages and labels","duration":42,"failureMessages":[]},{"ancestorTitles":["","Other Data Visualization - Enhanced Chart Testing","CustomPieChart Enhanced Features"],"fullName":" Other Data Visualization - Enhanced Chart Testing CustomPieChart Enhanced Features displays accurate percentage calculations","status":"passed","title":"displays accurate percentage calculations","duration":1,"failureMessages":[]},{"ancestorTitles":["","Other Data Visualization - Enhanced Chart Testing","CustomPieChart Enhanced Features"],"fullName":" Other Data Visualization - Enhanced Chart Testing CustomPieChart Enhanced Features maintains color consistency with data","status":"passed","title":"maintains color consistency with data","duration":45,"failureMessages":[]},{"ancestorTitles":["","Other Data Visualization - Enhanced Chart Testing","CustomPieChart Enhanced Features"],"fullName":" Other Data Visualization - Enhanced Chart Testing CustomPieChart Enhanced Features handles small segments appropriately","status":"passed","title":"handles small segments appropriately","duration":5,"failureMessages":[]},{"ancestorTitles":["","Other Data Visualization - Enhanced Chart Testing","Chart Responsiveness and Adaptation"],"fullName":" Other Data Visualization - Enhanced Chart Testing Chart Responsiveness and Adaptation adapts layout for different container sizes","status":"passed","title":"adapts layout for different container sizes","duration":7,"failureMessages":[]},{"ancestorTitles":["","Other Data Visualization - Enhanced Chart Testing","Chart Responsiveness and Adaptation"],"fullName":" Other Data Visualization - Enhanced Chart Testing Chart Responsiveness and Adaptation maintains readability on small screens","status":"passed","title":"maintains readability on small screens","duration":2,"failureMessages":[]},{"ancestorTitles":["","Other Data Visualization - Enhanced Chart Testing","Chart Responsiveness and Adaptation"],"fullName":" Other Data Visualization - Enhanced Chart Testing Chart Responsiveness and Adaptation scales appropriately for high-DPI displays","status":"passed","title":"scales appropriately for high-DPI displays","duration":2,"failureMessages":[]},{"ancestorTitles":["","Other Data Visualization - Enhanced Chart Testing","Chart Accessibility Features"],"fullName":" Other Data Visualization - Enhanced Chart Testing Chart Accessibility Features provides descriptive text for screen readers","status":"passed","title":"provides descriptive text for screen readers","duration":6,"failureMessages":[]},{"ancestorTitles":["","Other Data Visualization - Enhanced Chart Testing","Chart Accessibility Features"],"fullName":" Other Data Visualization - Enhanced Chart Testing Chart Accessibility Features supports keyboard navigation for interactive elements","status":"passed","title":"supports keyboard navigation for interactive elements","duration":19,"failureMessages":[]},{"ancestorTitles":["","Other Data Visualization - Enhanced Chart Testing","Chart Accessibility Features"],"fullName":" Other Data Visualization - Enhanced Chart Testing Chart Accessibility Features includes proper ARIA labels and descriptions","status":"passed","title":"includes proper ARIA labels and descriptions","duration":4,"failureMessages":[]},{"ancestorTitles":["","Other Data Visualization - Enhanced Chart Testing","Chart Data Validation and Error Handling"],"fullName":" Other Data Visualization - Enhanced Chart Testing Chart Data Validation and Error Handling handles empty data sets gracefully","status":"passed","title":"handles empty data sets gracefully","duration":2,"failureMessages":[]},{"ancestorTitles":["","Other Data Visualization - Enhanced Chart Testing","Chart Data Validation and Error Handling"],"fullName":" Other Data Visualization - Enhanced Chart Testing Chart Data Validation and Error Handling validates data structure and types","status":"passed","title":"validates data structure and types","duration":2,"failureMessages":[]},{"ancestorTitles":["","Other Data Visualization - Enhanced Chart Testing","Chart Data Validation and Error Handling"],"fullName":" Other Data Visualization - Enhanced Chart Testing Chart Data Validation and Error Handling provides fallback for missing required properties","status":"passed","title":"provides fallback for missing required properties","duration":3,"failureMessages":[]},{"ancestorTitles":["","Other Data Visualization - Enhanced Chart Testing","Chart Animation and Interactivity"],"fullName":" Other Data Visualization - Enhanced Chart Testing Chart Animation and Interactivity supports smooth data transitions","status":"passed","title":"supports smooth data transitions","duration":5,"failureMessages":[]},{"ancestorTitles":["","Other Data Visualization - Enhanced Chart Testing","Chart Animation and Interactivity"],"fullName":" Other Data Visualization - Enhanced Chart Testing Chart Animation and Interactivity provides hover interactions and tooltips","status":"passed","title":"provides hover interactions and tooltips","duration":3,"failureMessages":[]},{"ancestorTitles":["","Other Data Visualization - Enhanced Chart Testing","Chart Animation and Interactivity"],"fullName":" Other Data Visualization - Enhanced Chart Testing Chart Animation and Interactivity maintains performance with large datasets","status":"passed","title":"maintains performance with large datasets","duration":10,"failureMessages":[]}],"startTime":1764261404959,"endTime":1764261405304,"status":"passed","message":"","name":"/Users/abhijita/Documents/Project-Prahlada/tests/charts/other-data-visualization.test.tsx"},{"assertionResults":[{"ancestorTitles":["","CI / Coverage Gates (Vitest coverage: Lines ≥ 90%, Branches ≥ 85%; workflows for test:unit, test:e2e, test:lint, test:accessibility, test:bundle; PR blocked unless all green)","Test Coverage Requirements"],"fullName":" CI / Coverage Gates (Vitest coverage: Lines ≥ 90%, Branches ≥ 85%; workflows for test:unit, test:e2e, test:lint, test:accessibility, test:bundle; PR blocked unless all green) Test Coverage Requirements meets line coverage threshold","status":"passed","title":"meets line coverage threshold","duration":1,"failureMessages":[]},{"ancestorTitles":["","CI / Coverage Gates (Vitest coverage: Lines ≥ 90%, Branches ≥ 85%; workflows for test:unit, test:e2e, test:lint, test:accessibility, test:bundle; PR blocked unless all green)","Test Coverage Requirements"],"fullName":" CI / Coverage Gates (Vitest coverage: Lines ≥ 90%, Branches ≥ 85%; workflows for test:unit, test:e2e, test:lint, test:accessibility, test:bundle; PR blocked unless all green) Test Coverage Requirements covers critical user paths","status":"passed","title":"covers critical user paths","duration":1,"failureMessages":[]},{"ancestorTitles":["","CI / Coverage Gates (Vitest coverage: Lines ≥ 90%, Branches ≥ 85%; workflows for test:unit, test:e2e, test:lint, test:accessibility, test:bundle; PR blocked unless all green)","Linting & Code Quality"],"fullName":" CI / Coverage Gates (Vitest coverage: Lines ≥ 90%, Branches ≥ 85%; workflows for test:unit, test:e2e, test:lint, test:accessibility, test:bundle; PR blocked unless all green) Linting & Code Quality passes ESLint rules","status":"passed","title":"passes ESLint rules","duration":0,"failureMessages":[]},{"ancestorTitles":["","CI / Coverage Gates (Vitest coverage: Lines ≥ 90%, Branches ≥ 85%; workflows for test:unit, test:e2e, test:lint, test:accessibility, test:bundle; PR blocked unless all green)","Linting & Code Quality"],"fullName":" CI / Coverage Gates (Vitest coverage: Lines ≥ 90%, Branches ≥ 85%; workflows for test:unit, test:e2e, test:lint, test:accessibility, test:bundle; PR blocked unless all green) Linting & Code Quality passes TypeScript checks","status":"passed","title":"passes TypeScript checks","duration":1,"failureMessages":[]},{"ancestorTitles":["","CI / Coverage Gates (Vitest coverage: Lines ≥ 90%, Branches ≥ 85%; workflows for test:unit, test:e2e, test:lint, test:accessibility, test:bundle; PR blocked unless all green)","Linting & Code Quality"],"fullName":" CI / Coverage Gates (Vitest coverage: Lines ≥ 90%, Branches ≥ 85%; workflows for test:unit, test:e2e, test:lint, test:accessibility, test:bundle; PR blocked unless all green) Linting & Code Quality maintains code complexity limits","status":"passed","title":"maintains code complexity limits","duration":0,"failureMessages":[]},{"ancestorTitles":["","CI / Coverage Gates (Vitest coverage: Lines ≥ 90%, Branches ≥ 85%; workflows for test:unit, test:e2e, test:lint, test:accessibility, test:bundle; PR blocked unless all green)","Security Scanning"],"fullName":" CI / Coverage Gates (Vitest coverage: Lines ≥ 90%, Branches ≥ 85%; workflows for test:unit, test:e2e, test:lint, test:accessibility, test:bundle; PR blocked unless all green) Security Scanning passes SAST security scan","status":"passed","title":"passes SAST security scan","duration":0,"failureMessages":[]},{"ancestorTitles":["","CI / Coverage Gates (Vitest coverage: Lines ≥ 90%, Branches ≥ 85%; workflows for test:unit, test:e2e, test:lint, test:accessibility, test:bundle; PR blocked unless all green)","Security Scanning"],"fullName":" CI / Coverage Gates (Vitest coverage: Lines ≥ 90%, Branches ≥ 85%; workflows for test:unit, test:e2e, test:lint, test:accessibility, test:bundle; PR blocked unless all green) Security Scanning passes dependency vulnerability scan","status":"passed","title":"passes dependency vulnerability scan","duration":0,"failureMessages":[]},{"ancestorTitles":["","CI / Coverage Gates (Vitest coverage: Lines ≥ 90%, Branches ≥ 85%; workflows for test:unit, test:e2e, test:lint, test:accessibility, test:bundle; PR blocked unless all green)","Security Scanning"],"fullName":" CI / Coverage Gates (Vitest coverage: Lines ≥ 90%, Branches ≥ 85%; workflows for test:unit, test:e2e, test:lint, test:accessibility, test:bundle; PR blocked unless all green) Security Scanning validates license compliance","status":"passed","title":"validates license compliance","duration":0,"failureMessages":[]},{"ancestorTitles":["","CI / Coverage Gates (Vitest coverage: Lines ≥ 90%, Branches ≥ 85%; workflows for test:unit, test:e2e, test:lint, test:accessibility, test:bundle; PR blocked unless all green)","Performance Testing"],"fullName":" CI / Coverage Gates (Vitest coverage: Lines ≥ 90%, Branches ≥ 85%; workflows for test:unit, test:e2e, test:lint, test:accessibility, test:bundle; PR blocked unless all green) Performance Testing passes Lighthouse performance budget","status":"passed","title":"passes Lighthouse performance budget","duration":1,"failureMessages":[]},{"ancestorTitles":["","CI / Coverage Gates (Vitest coverage: Lines ≥ 90%, Branches ≥ 85%; workflows for test:unit, test:e2e, test:lint, test:accessibility, test:bundle; PR blocked unless all green)","Performance Testing"],"fullName":" CI / Coverage Gates (Vitest coverage: Lines ≥ 90%, Branches ≥ 85%; workflows for test:unit, test:e2e, test:lint, test:accessibility, test:bundle; PR blocked unless all green) Performance Testing meets Core Web Vitals thresholds","status":"passed","title":"meets Core Web Vitals thresholds","duration":0,"failureMessages":[]},{"ancestorTitles":["","CI / Coverage Gates (Vitest coverage: Lines ≥ 90%, Branches ≥ 85%; workflows for test:unit, test:e2e, test:lint, test:accessibility, test:bundle; PR blocked unless all green)","Build & Deployment Gates"],"fullName":" CI / Coverage Gates (Vitest coverage: Lines ≥ 90%, Branches ≥ 85%; workflows for test:unit, test:e2e, test:lint, test:accessibility, test:bundle; PR blocked unless all green) Build & Deployment Gates builds successfully","status":"passed","title":"builds successfully","duration":0,"failureMessages":[]},{"ancestorTitles":["","CI / Coverage Gates (Vitest coverage: Lines ≥ 90%, Branches ≥ 85%; workflows for test:unit, test:e2e, test:lint, test:accessibility, test:bundle; PR blocked unless all green)","Build & Deployment Gates"],"fullName":" CI / Coverage Gates (Vitest coverage: Lines ≥ 90%, Branches ≥ 85%; workflows for test:unit, test:e2e, test:lint, test:accessibility, test:bundle; PR blocked unless all green) Build & Deployment Gates generates valid artifacts","status":"passed","title":"generates valid artifacts","duration":1,"failureMessages":[]}],"startTime":1764261419944,"endTime":1764261419949,"status":"passed","message":"","name":"/Users/abhijita/Documents/Project-Prahlada/tests/cicd/coverage-gates.test.tsx"},{"assertionResults":[{"ancestorTitles":["","Cross-Page Integration: Review to Analytics"],"fullName":" Cross-Page Integration: Review to Analytics approving an event in Review triggers API call","status":"failed","title":"approving an event in Review triggers API call","duration":167,"failureMessages":["useAuth must be used within an AuthProvider"],"location":{"line":7,"column":11}},{"ancestorTitles":["","Cross-Page Integration: Review to Analytics"],"fullName":" Cross-Page Integration: Review to Analytics Analytics page fetches updated data","status":"passed","title":"Analytics page fetches updated data","duration":896,"failureMessages":[]}],"startTime":1764261428176,"endTime":1764261429239,"status":"failed","message":"","name":"/Users/abhijita/Documents/Project-Prahlada/tests/e2e/CrossPage.test.tsx"},{"assertionResults":[{"ancestorTitles":["","Browser Compatibility"],"fullName":" Browser Compatibility renders correctly in simulated browser","status":"passed","title":"renders correctly in simulated browser","duration":85,"failureMessages":[]}],"startTime":1764261458013,"endTime":1764261458098,"status":"passed","message":"","name":"/Users/abhijita/Documents/Project-Prahlada/tests/e2e/browser-compatibility.test.tsx"},{"assertionResults":[{"ancestorTitles":["","Build & Bundle Optimization"],"fullName":" Build & Bundle Optimization renders without large bundle issues","status":"passed","title":"renders without large bundle issues","duration":586,"failureMessages":[]}],"startTime":1764261459023,"endTime":1764261459609,"status":"passed","message":"","name":"/Users/abhijita/Documents/Project-Prahlada/tests/e2e/build-bundle.test.tsx"},{"assertionResults":[{"ancestorTitles":["","Font Fallback Coverage"],"fullName":" Font Fallback Coverage renders Devanagari without tofu boxes","status":"passed","title":"renders Devanagari without tofu boxes","duration":188,"failureMessages":[]}],"startTime":1764261461153,"endTime":1764261461341,"status":"passed","message":"","name":"/Users/abhijita/Documents/Project-Prahlada/tests/e2e/font-fallback.test.tsx"},{"assertionResults":[{"ancestorTitles":["","Mixed-Script Input Safety"],"fullName":" Mixed-Script Input Safety handles mixed Hindi-English input","status":"passed","title":"handles mixed Hindi-English input","duration":36,"failureMessages":[]}],"startTime":1764261461791,"endTime":1764261461827,"status":"passed","message":"","name":"/Users/abhijita/Documents/Project-Prahlada/tests/e2e/input-safety.test.tsx"},{"assertionResults":[{"ancestorTitles":["","Reduced Motion"],"fullName":" Reduced Motion falls back to minimal animations when reduced-motion is enabled","status":"passed","title":"falls back to minimal animations when reduced-motion is enabled","duration":43,"failureMessages":[]}],"startTime":1764261449569,"endTime":1764261449612,"status":"passed","message":"","name":"/Users/abhijita/Documents/Project-Prahlada/tests/e2e/reduced-motion.test.tsx"},{"assertionResults":[{"ancestorTitles":["","Visual Regression - Hindi & Glassmorphism"],"fullName":" Visual Regression - Hindi & Glassmorphism renders Hindi text without clipping","status":"passed","title":"renders Hindi text without clipping","duration":34,"failureMessages":[]},{"ancestorTitles":["","Visual Regression - Hindi & Glassmorphism"],"fullName":" Visual Regression - Hindi & Glassmorphism handles mixed script correctly","status":"passed","title":"handles mixed script correctly","duration":4,"failureMessages":[]}],"startTime":1764261455912,"endTime":1764261455950,"status":"passed","message":"","name":"/Users/abhijita/Documents/Project-Prahlada/tests/e2e/visual-regression.test.tsx"},{"assertionResults":[{"ancestorTitles":["","AnimatedGlassCard"],"fullName":" AnimatedGlassCard renders children correctly","status":"passed","title":"renders children correctly","duration":195,"failureMessages":[]},{"ancestorTitles":["","AnimatedGlassCard"],"fullName":" AnimatedGlassCard renders title when provided","status":"passed","title":"renders title when provided","duration":4,"failureMessages":[]},{"ancestorTitles":["","AnimatedGlassCard"],"fullName":" AnimatedGlassCard renders with default animation classes (framer-motion adds inline styles/classes)","status":"passed","title":"renders with default animation classes (framer-motion adds inline styles/classes)","duration":7,"failureMessages":[]}],"startTime":1764261451619,"endTime":1764261451825,"status":"passed","message":"","name":"/Users/abhijita/Documents/Project-Prahlada/tests/components/AnimatedGlassCard.test.tsx"},{"assertionResults":[{"ancestorTitles":["","AnimatedNavTabs"],"fullName":" AnimatedNavTabs renders visible tabs","status":"passed","title":"renders visible tabs","duration":83,"failureMessages":[]},{"ancestorTitles":["","AnimatedNavTabs"],"fullName":" AnimatedNavTabs hides protected tabs when logged out","status":"passed","title":"hides protected tabs when logged out","duration":42,"failureMessages":[]}],"startTime":1764261447800,"endTime":1764261447926,"status":"passed","message":"","name":"/Users/abhijita/Documents/Project-Prahlada/tests/components/AnimatedNavTabs.test.tsx"},{"assertionResults":[{"ancestorTitles":["","Animation & Interaction"],"fullName":" Animation & Interaction renders AnimatedGlassCard with initial motion props","status":"passed","title":"renders AnimatedGlassCard with initial motion props","duration":153,"failureMessages":[]}],"startTime":1764261450223,"endTime":1764261450376,"status":"passed","message":"","name":"/Users/abhijita/Documents/Project-Prahlada/tests/components/Animation.test.tsx"},{"assertionResults":[{"ancestorTitles":["","Basic Test"],"fullName":" Basic Test simple assertion works","status":"passed","title":"simple assertion works","duration":6,"failureMessages":[]}],"startTime":1764261464502,"endTime":1764261464508,"status":"passed","message":"","name":"/Users/abhijita/Documents/Project-Prahlada/tests/components/BasicTest.test.tsx"},{"assertionResults":[{"ancestorTitles":["","FieldDisplay Component"],"fullName":" FieldDisplay Component renders label correctly","status":"passed","title":"renders label correctly","duration":743,"failureMessages":[]},{"ancestorTitles":["","FieldDisplay Component"],"fullName":" FieldDisplay Component renders values from real data (Event Type)","status":"passed","title":"renders values from real data (Event Type)","duration":153,"failureMessages":[]},{"ancestorTitles":["","FieldDisplay Component"],"fullName":" FieldDisplay Component renders array values from real data (Target Groups or Communities)","status":"passed","title":"renders array values from real data (Target Groups or Communities)","duration":9,"failureMessages":[]},{"ancestorTitles":["","FieldDisplay Component"],"fullName":" FieldDisplay Component shows empty state when values are missing","status":"passed","title":"shows empty state when values are missing","duration":6,"failureMessages":[]},{"ancestorTitles":["","FieldDisplay Component"],"fullName":" FieldDisplay Component applies correct color class (Amber)","status":"passed","title":"applies correct color class (Amber)","duration":16,"failureMessages":[]}],"startTime":1764261437015,"endTime":1764261437955,"status":"passed","message":"","name":"/Users/abhijita/Documents/Project-Prahlada/tests/components/FieldDisplay.test.tsx"},{"assertionResults":[{"ancestorTitles":["","GlassCard"],"fullName":" GlassCard renders children correctly","status":"passed","title":"renders children correctly","duration":134,"failureMessages":[]},{"ancestorTitles":["","GlassCard"],"fullName":" GlassCard has glassmorphism classes","status":"passed","title":"has glassmorphism classes","duration":3,"failureMessages":[]}],"startTime":1764261457577,"endTime":1764261457714,"status":"passed","message":"","name":"/Users/abhijita/Documents/Project-Prahlada/tests/components/GlassCard.test.tsx"},{"assertionResults":[{"ancestorTitles":["","HierarchyMindMap"],"fullName":" HierarchyMindMap renders SVG element","status":"passed","title":"renders SVG element","duration":841,"failureMessages":[]},{"ancestorTitles":["","HierarchyMindMap"],"fullName":" HierarchyMindMap renders Hindi labels correctly","status":"passed","title":"renders Hindi labels correctly","duration":258,"failureMessages":[]},{"ancestorTitles":["","HierarchyMindMap"],"fullName":" HierarchyMindMap renders Legend in Hindi","status":"passed","title":"renders Legend in Hindi","duration":358,"failureMessages":[]}],"startTime":1764261449662,"endTime":1764261451119,"status":"passed","message":"","name":"/Users/abhijita/Documents/Project-Prahlada/tests/components/HierarchyMindMap.test.tsx"},{"assertionResults":[{"ancestorTitles":["","HierarchyMindMap Edge Cases"],"fullName":" HierarchyMindMap Edge Cases handles missing hierarchy levels gracefully","status":"passed","title":"handles missing hierarchy levels gracefully","duration":542,"failureMessages":[]},{"ancestorTitles":["","HierarchyMindMap Edge Cases"],"fullName":" HierarchyMindMap Edge Cases shows notice for empty data","status":"passed","title":"shows notice for empty data","duration":6,"failureMessages":[]},{"ancestorTitles":["","HierarchyMindMap Edge Cases"],"fullName":" HierarchyMindMap Edge Cases maintains layout integrity with edge case data","status":"passed","title":"maintains layout integrity with edge case data","duration":40,"failureMessages":[]},{"ancestorTitles":["","HierarchyMindMap Edge Cases"],"fullName":" HierarchyMindMap Edge Cases handles ULB mode hierarchies","status":"passed","title":"handles ULB mode hierarchies","duration":79,"failureMessages":[]}],"startTime":1764261442034,"endTime":1764261442702,"status":"passed","message":"","name":"/Users/abhijita/Documents/Project-Prahlada/tests/components/HierarchyMindMapEdgeCases.test.tsx"},{"assertionResults":[{"ancestorTitles":["","HierarchyMindMap Rendering"],"fullName":" HierarchyMindMap Rendering renders the container correctly","status":"passed","title":"renders the container correctly","duration":410,"failureMessages":[]},{"ancestorTitles":["","HierarchyMindMap Rendering"],"fullName":" HierarchyMindMap Rendering renders the root node (District)","status":"passed","title":"renders the root node (District)","duration":1045,"failureMessages":[]},{"ancestorTitles":["","HierarchyMindMap Rendering"],"fullName":" HierarchyMindMap Rendering renders secondary nodes (Assembly)","status":"passed","title":"renders secondary nodes (Assembly)","duration":358,"failureMessages":[]},{"ancestorTitles":["","HierarchyMindMap Rendering"],"fullName":" HierarchyMindMap Rendering renders leaf nodes (Villages/Wards)","status":"passed","title":"renders leaf nodes (Villages/Wards)","duration":515,"failureMessages":[]},{"ancestorTitles":["","HierarchyMindMap Rendering"],"fullName":" HierarchyMindMap Rendering displays the legend with correct Hindi labels","status":"passed","title":"displays the legend with correct Hindi labels","duration":585,"failureMessages":[]},{"ancestorTitles":["","HierarchyMindMap Rendering"],"fullName":" HierarchyMindMap Rendering renders connections between nodes","status":"passed","title":"renders connections between nodes","duration":32,"failureMessages":[]}],"startTime":1764261438125,"endTime":1764261441075,"status":"passed","message":"","name":"/Users/abhijita/Documents/Project-Prahlada/tests/components/HierarchyMindMapRendering.test.tsx"},{"assertionResults":[{"ancestorTitles":["","HierarchyMindMap Stress Test"],"fullName":" HierarchyMindMap Stress Test renders without crashing","status":"passed","title":"renders without crashing","duration":28,"failureMessages":[]},{"ancestorTitles":["","HierarchyMindMap Stress Test"],"fullName":" HierarchyMindMap Stress Test handles static node list efficiently","status":"failed","title":"handles static node list efficiently","duration":13,"failureMessages":["expected 0 to be greater than 10"],"location":{"line":27,"column":27}}],"startTime":1764261448316,"endTime":1764261448357,"status":"failed","message":"","name":"/Users/abhijita/Documents/Project-Prahlada/tests/components/HierarchyMindMapStress.test.tsx"},{"assertionResults":[{"ancestorTitles":["","Hindi Typography & String Audit"],"fullName":" Hindi Typography & String Audit contains valid Hindi labels in Analytics Dashboard","status":"failed","title":"contains valid Hindi labels in Analytics Dashboard","duration":188,"failureMessages":["useConfig must be used within a ConfigProvider"],"location":{"line":139,"column":11}},{"ancestorTitles":["","Hindi Typography & String Audit"],"fullName":" Hindi Typography & String Audit does not contain untranslated English placeholders","status":"failed","title":"does not contain untranslated English placeholders","duration":67,"failureMessages":["useConfig must be used within a ConfigProvider"],"location":{"line":139,"column":11}},{"ancestorTitles":["","Hindi Typography & String Audit"],"fullName":" Hindi Typography & String Audit renders numbers mixed with Hindi correctly (RTL/LTR mix)","status":"failed","title":"renders numbers mixed with Hindi correctly (RTL/LTR mix)","duration":178,"failureMessages":["useConfig must be used within a ConfigProvider"],"location":{"line":139,"column":11}}],"startTime":1764261445603,"endTime":1764261446036,"status":"failed","message":"","name":"/Users/abhijita/Documents/Project-Prahlada/tests/components/HindiTypography.test.tsx"},{"assertionResults":[{"ancestorTitles":["","MapBoxVisual Cluster & Zoom Behavior"],"fullName":" MapBoxVisual Cluster & Zoom Behavior shows cluster labels in Hindi when markers are dense","status":"passed","title":"shows cluster labels in Hindi when markers are dense","duration":794,"failureMessages":[]},{"ancestorTitles":["","MapBoxVisual Cluster & Zoom Behavior"],"fullName":" MapBoxVisual Cluster & Zoom Behavior cluster click triggers zoom behavior","status":"passed","title":"cluster click triggers zoom behavior","duration":35,"failureMessages":[]},{"ancestorTitles":["","MapBoxVisual Cluster & Zoom Behavior"],"fullName":" MapBoxVisual Cluster & Zoom Behavior maintains smooth panning and zooming performance","status":"passed","title":"maintains smooth panning and zooming performance","duration":246,"failureMessages":[]},{"ancestorTitles":["","MapBoxVisual Cluster & Zoom Behavior"],"fullName":" MapBoxVisual Cluster & Zoom Behavior throttles marker re-rendering during interactions","status":"passed","title":"throttles marker re-rendering during interactions","duration":399,"failureMessages":[]},{"ancestorTitles":["","MapBoxVisual Cluster & Zoom Behavior"],"fullName":" MapBoxVisual Cluster & Zoom Behavior handles 500+ markers without UI freeze","status":"passed","title":"handles 500+ markers without UI freeze","duration":180,"failureMessages":[]}],"startTime":1764261434368,"endTime":1764261436022,"status":"passed","message":"","name":"/Users/abhijita/Documents/Project-Prahlada/tests/components/MapBoxVisualCluster.test.tsx"},{"assertionResults":[{"ancestorTitles":["","MapBoxVisual Error & Offline Behavior"],"fullName":" MapBoxVisual Error & Offline Behavior shows Hindi error message when map tiles fail to load","status":"passed","title":"shows Hindi error message when map tiles fail to load","duration":319,"failureMessages":[]},{"ancestorTitles":["","MapBoxVisual Error & Offline Behavior"],"fullName":" MapBoxVisual Error & Offline Behavior gracefully handles network timeouts","status":"passed","title":"gracefully handles network timeouts","duration":30,"failureMessages":[]},{"ancestorTitles":["","MapBoxVisual Error & Offline Behavior"],"fullName":" MapBoxVisual Error & Offline Behavior provides offline fallback without crashing","status":"passed","title":"provides offline fallback without crashing","duration":15,"failureMessages":[]},{"ancestorTitles":["","MapBoxVisual Error & Offline Behavior"],"fullName":" MapBoxVisual Error & Offline Behavior maintains functionality when tile server is unreachable","status":"passed","title":"maintains functionality when tile server is unreachable","duration":28,"failureMessages":[]},{"ancestorTitles":["","MapBoxVisual Error & Offline Behavior"],"fullName":" MapBoxVisual Error & Offline Behavior shows appropriate loading state during initialization","status":"passed","title":"shows appropriate loading state during initialization","duration":144,"failureMessages":[]},{"ancestorTitles":["","MapBoxVisual Error & Offline Behavior"],"fullName":" MapBoxVisual Error & Offline Behavior handles corrupted or invalid map data gracefully","status":"passed","title":"handles corrupted or invalid map data gracefully","duration":399,"failureMessages":[]}],"startTime":1764261445546,"endTime":1764261446481,"status":"passed","message":"","name":"/Users/abhijita/Documents/Project-Prahlada/tests/components/MapBoxVisualError.test.tsx"},{"assertionResults":[{"ancestorTitles":["","MapBoxVisual Rendering"],"fullName":" MapBoxVisual Rendering renders the map container","status":"passed","title":"renders the map container","duration":201,"failureMessages":[]},{"ancestorTitles":["","MapBoxVisual Rendering"],"fullName":" MapBoxVisual Rendering renders specific markers with Hindi labels","status":"passed","title":"renders specific markers with Hindi labels","duration":146,"failureMessages":[]},{"ancestorTitles":["","MapBoxVisual Rendering"],"fullName":" MapBoxVisual Rendering renders the legend","status":"passed","title":"renders the legend","duration":150,"failureMessages":[]},{"ancestorTitles":["","MapBoxVisual Rendering"],"fullName":" MapBoxVisual Rendering renders marker pins","status":"passed","title":"renders marker pins","duration":38,"failureMessages":[]}],"startTime":1764261442164,"endTime":1764261442699,"status":"passed","message":"","name":"/Users/abhijita/Documents/Project-Prahlada/tests/components/MapBoxVisualRendering.test.tsx"},{"assertionResults":[{"ancestorTitles":["","MapBoxVisualStress"],"fullName":" MapBoxVisualStress renders with static markers without lag","status":"passed","title":"renders with static markers without lag","duration":232,"failureMessages":[]},{"ancestorTitles":["","MapBoxVisualStress"],"fullName":" MapBoxVisualStress handles multiple markers (5 in current impl)","status":"passed","title":"handles multiple markers (5 in current impl)","duration":423,"failureMessages":[]}],"startTime":1764261445919,"endTime":1764261446574,"status":"passed","message":"","name":"/Users/abhijita/Documents/Project-Prahlada/tests/components/MapBoxVisualStress.test.tsx"},{"assertionResults":[{"ancestorTitles":["","MapBoxVisual Tooltip Interaction"],"fullName":" MapBoxVisual Tooltip Interaction shows tooltip on marker hover","status":"skipped","title":"shows tooltip on marker hover","failureMessages":[]}],"startTime":1764261399793,"endTime":1764261399793,"status":"passed","message":"","name":"/Users/abhijita/Documents/Project-Prahlada/tests/components/MapBoxVisualTooltip.test.tsx"},{"assertionResults":[{"ancestorTitles":["","NumberTicker"],"fullName":" NumberTicker renders correctly","status":"passed","title":"renders correctly","duration":68,"failureMessages":[]}],"startTime":1764261456691,"endTime":1764261456759,"status":"passed","message":"","name":"/Users/abhijita/Documents/Project-Prahlada/tests/components/NumberTicker.test.tsx"},{"assertionResults":[{"ancestorTitles":["","ReviewCard Component"],"fullName":" ReviewCard Component renders tweet text","status":"passed","title":"renders tweet text","duration":267,"failureMessages":[]},{"ancestorTitles":["","ReviewCard Component"],"fullName":" ReviewCard Component displays new metadata fields","status":"passed","title":"displays new metadata fields","duration":33,"failureMessages":[]},{"ancestorTitles":["","ReviewCard Component"],"fullName":" ReviewCard Component handles analytics exclusion checkbox","status":"passed","title":"handles analytics exclusion checkbox","duration":333,"failureMessages":[]},{"ancestorTitles":["","ReviewCard Component"],"fullName":" ReviewCard Component activates edit mode when edit button clicked","status":"passed","title":"activates edit mode when edit button clicked","duration":528,"failureMessages":[]},{"ancestorTitles":["","ReviewCard Component"],"fullName":" ReviewCard Component does NOT show Reject button","status":"passed","title":"does NOT show Reject button","duration":32,"failureMessages":[]}],"startTime":1764261429415,"endTime":1764261430608,"status":"passed","message":"","name":"/Users/abhijita/Documents/Project-Prahlada/tests/components/ReviewCard.test.tsx"},{"assertionResults":[{"ancestorTitles":["","RiveLikeIcons","PulseButton"],"fullName":" RiveLikeIcons PulseButton renders with default label","status":"passed","title":"renders with default label","duration":318,"failureMessages":[]},{"ancestorTitles":["","RiveLikeIcons","PulseButton"],"fullName":" RiveLikeIcons PulseButton renders with custom label","status":"passed","title":"renders with custom label","duration":4,"failureMessages":[]},{"ancestorTitles":["","RiveLikeIcons","PulseButton"],"fullName":" RiveLikeIcons PulseButton calls onClick when clicked","status":"passed","title":"calls onClick when clicked","duration":21,"failureMessages":[]},{"ancestorTitles":["","RiveLikeIcons","PulseButton"],"fullName":" RiveLikeIcons PulseButton shows loading state","status":"passed","title":"shows loading state","duration":7,"failureMessages":[]},{"ancestorTitles":["","RiveLikeIcons","LiquidLoader"],"fullName":" RiveLikeIcons LiquidLoader renders loading text","status":"passed","title":"renders loading text","duration":4,"failureMessages":[]},{"ancestorTitles":["","RiveLikeIcons","LiquidLoader"],"fullName":" RiveLikeIcons LiquidLoader renders loader animation","status":"passed","title":"renders loader animation","duration":5,"failureMessages":[]}],"startTime":1764261446773,"endTime":1764261447132,"status":"passed","message":"","name":"/Users/abhijita/Documents/Project-Prahlada/tests/components/RiveLikeIcons.test.tsx"},{"assertionResults":[{"ancestorTitles":["","Simple Unit Test"],"fullName":" Simple Unit Test basic math works","status":"passed","title":"basic math works","duration":1,"failureMessages":[]},{"ancestorTitles":["","Simple Unit Test"],"fullName":" Simple Unit Test string operations work","status":"passed","title":"string operations work","duration":0,"failureMessages":[]}],"startTime":1764261463997,"endTime":1764261463998,"status":"passed","message":"","name":"/Users/abhijita/Documents/Project-Prahlada/tests/components/SimpleUnitTest.test.tsx"},{"assertionResults":[{"ancestorTitles":["","API Resilience & Integration"],"fullName":" API Resilience & Integration shows loading state when data is fetching","status":"passed","title":"shows loading state when data is fetching
[...]
ame":" Responsive Design Visual Regression Mobile Viewport (< 768px) components adapt to mobile layout","status":"passed","title":"components adapt to mobile layout","duration":131,"failureMessages":[]},{"ancestorTitles":["","Responsive Design Visual Regression","Mobile Viewport (< 768px)"],"fullName":" Responsive Design Visual Regression Mobile Viewport (< 768px) charts scale appropriately on mobile","status":"passed","title":"charts scale appropriately on mobile","duration":8,"failureMessages":[]},{"ancestorTitles":["","Responsive Design Visual Regression","Tablet Viewport (768px - 1024px)"],"fullName":" Responsive Design Visual Regression Tablet Viewport (768px - 1024px) maintains tablet-optimized layouts","status":"passed","title":"maintains tablet-optimized layouts","duration":2,"failureMessages":[]},{"ancestorTitles":["","Responsive Design Visual Regression","Desktop Viewport (> 1024px)"],"fullName":" Responsive Design Visual Regression Desktop Viewport (> 1024px) utilizes full desktop real estate","status":"passed","title":"utilizes full desktop real estate","duration":1,"failureMessages":[]},{"ancestorTitles":["","Responsive Design Visual Regression","Breakpoint Transitions"],"fullName":" Responsive Design Visual Regression Breakpoint Transitions handles viewport changes smoothly","status":"passed","title":"handles viewport changes smoothly","duration":6,"failureMessages":[]},{"ancestorTitles":["","Responsive Design Visual Regression","Breakpoint Transitions"],"fullName":" Responsive Design Visual Regression Breakpoint Transitions charts maintain readability across breakpoints","status":"passed","title":"charts maintain readability across breakpoints","duration":39,"failureMessages":[]}],"startTime":1764261420001,"endTime":1764261420189,"status":"passed","message":"","name":"/Users/abhijita/Documents/Project-Prahlada/tests/visual-regression/responsive-design.test.tsx"},{"assertionResults":[{"ancestorTitles":["","Snapshot Regression Tests","Home Page Snapshots"],"fullName":" Snapshot Regression Tests Home Page Snapshots maintains layout stability on mobile viewport (375x812)","status":"failed","title":"maintains layout stability on mobile viewport (375x812)","duration":60,"failureMessages":["useAuth must be used within an AuthProvider"],"location":{"line":7,"column":11}},{"ancestorTitles":["","Snapshot Regression Tests","Home Page Snapshots"],"fullName":" Snapshot Regression Tests Home Page Snapshots maintains layout stability on tablet viewport (768x1024)","status":"failed","title":"maintains layout stability on tablet viewport (768x1024)","duration":14,"failureMessages":["useAuth must be used within an AuthProvider"],"location":{"line":7,"column":11}},{"ancestorTitles":["","Snapshot Regression Tests","Home Page Snapshots"],"fullName":" Snapshot Regression Tests Home Page Snapshots maintains layout stability on desktop viewport (1440x900)","status":"failed","title":"maintains layout stability on desktop viewport (1440x900)","duration":6,"failureMessages":["useAuth must be used within an AuthProvider"],"location":{"line":7,"column":11}},{"ancestorTitles":["","Snapshot Regression Tests","Home Page Snapshots"],"fullName":" Snapshot Regression Tests Home Page Snapshots maintains layout stability on ultrawide viewport (2560x1440)","status":"failed","title":"maintains layout stability on ultrawide viewport (2560x1440)","duration":65,"failureMessages":["useAuth must be used within an AuthProvider"],"location":{"line":7,"column":11}},{"ancestorTitles":["","Snapshot Regression Tests","Analytics Page Snapshots"],"fullName":" Snapshot Regression Tests Analytics Page Snapshots preserves chart layout on mobile viewport","status":"failed","title":"preserves chart layout on mobile viewport","duration":100,"failureMessages":["useConfig must be used within a ConfigProvider"],"location":{"line":139,"column":11}},{"ancestorTitles":["","Snapshot Regression Tests","Analytics Page Snapshots"],"fullName":" Snapshot Regression Tests Analytics Page Snapshots preserves chart layout on tablet viewport","status":"failed","title":"preserves chart layout on tablet viewport","duration":31,"failureMessages":["useConfig must be used within a ConfigProvider"],"location":{"line":139,"column":11}},{"ancestorTitles":["","Snapshot Regression Tests","Analytics Page Snapshots"],"fullName":" Snapshot Regression Tests Analytics Page Snapshots preserves chart layout on desktop viewport","status":"failed","title":"preserves chart layout on desktop viewport","duration":20,"failureMessages":["useConfig must be used within a ConfigProvider"],"location":{"line":139,"column":11}},{"ancestorTitles":["","Snapshot Regression Tests","Analytics Page Snapshots"],"fullName":" Snapshot Regression Tests Analytics Page Snapshots preserves chart layout on ultrawide viewport","status":"failed","title":"preserves chart layout on ultrawide viewport","duration":15,"failureMessages":["useConfig must be used within a ConfigProvider"],"location":{"line":139,"column":11}},{"ancestorTitles":["","Snapshot Regression Tests","Review Page Snapshots"],"fullName":" Snapshot Regression Tests Review Page Snapshots maintains card spacing on mobile viewport","status":"failed","title":"maintains card spacing on mobile viewport","duration":69,"failureMessages":["useAuth must be used within an AuthProvider"],"location":{"line":7,"column":11}},{"ancestorTitles":["","Snapshot Regression Tests","Review Page Snapshots"],"fullName":" Snapshot Regression Tests Review Page Snapshots maintains card spacing on tablet viewport","status":"failed","title":"maintains card spacing on tablet viewport","duration":6,"failureMessages":["useAuth must be used within an AuthProvider"],"location":{"line":7,"column":11}},{"ancestorTitles":["","Snapshot Regression Tests","Review Page Snapshots"],"fullName":" Snapshot Regression Tests Review Page Snapshots maintains card spacing on desktop viewport","status":"failed","title":"maintains card spacing on desktop viewport","duration":26,"failureMessages":["useAuth must be used within an AuthProvider"],"location":{"line":7,"column":11}},{"ancestorTitles":["","Snapshot Regression Tests","Review Page Snapshots"],"fullName":" Snapshot Regression Tests Review Page Snapshots maintains card spacing on ultrawide viewport","status":"failed","title":"maintains card spacing on ultrawide viewport","duration":1,"failureMessages":["useAuth must be used within an AuthProvider"],"location":{"line":7,"column":11}},{"ancestorTitles":["","Snapshot Regression Tests","Layout Drift Detection"],"fullName":" Snapshot Regression Tests Layout Drift Detection prevents card spacing drift below भू-मानचित्रण section","status":"failed","title":"prevents card spacing drift below भू-मानचित्रण section","duration":8,"failureMessages":["useConfig must be used within a ConfigProvider"],"location":{"line":139,"column":11}},{"ancestorTitles":["","Snapshot Regression Tests","Layout Drift Detection"],"fullName":" Snapshot Regression Tests Layout Drift Detection maintains header centering across viewports","status":"failed","title":"maintains header centering across viewports","duration":2,"failureMessages":["useAuth must be used within an AuthProvider"],"location":{"line":7,"column":11}},{"ancestorTitles":["","Snapshot Regression Tests","Navigation Tab Consistency"],"fullName":" Snapshot Regression Tests Navigation Tab Consistency maintains tab layout across all pages","status":"failed","title":"maintains tab layout across all pages","duration":1,"failureMessages":["useAuth must be used within an AuthProvider"],"location":{"line":7,"column":11}},{"ancestorTitles":["","Snapshot Regression Tests","Navigation Tab Consistency"],"fullName":" Snapshot Regression Tests Navigation Tab Consistency preserves active tab visual state","status":"failed","title":"preserves active tab visual state","duration":23,"failureMessages":["useConfig must be used within a ConfigProvider"],"location":{"line":139,"column":11}},{"ancestorTitles":["","Snapshot Regression Tests","Glassmorphism Visual Consistency"],"fullName":" Snapshot Regression Tests Glassmorphism Visual Consistency maintains glass effects across components","status":"failed","title":"maintains glass effects across components","duration":1,"failureMessages":["useAuth must be used within an AuthProvider"],"location":{"line":7,"column":11}},{"ancestorTitles":["","Snapshot Regression Tests","Glassmorphism Visual Consistency"],"fullName":" Snapshot Regression Tests Glassmorphism Visual Consistency preserves backdrop blur effects","status":"passed","title":"preserves backdrop blur effects","duration":18,"failureMessages":[]},{"ancestorTitles":["","Snapshot Regression Tests","Typography Scale Consistency"],"fullName":" Snapshot Regression Tests Typography Scale Consistency maintains font size hierarchy","status":"failed","title":"maintains font size hierarchy","duration":8,"failureMessages":["useAuth must be used within an AuthProvider"],"location":{"line":7,"column":11}},{"ancestorTitles":["","Snapshot Regression Tests","Typography Scale Consistency"],"fullName":" Snapshot Regression Tests Typography Scale Consistency preserves Hindi text rendering","status":"passed","title":"preserves Hindi text rendering","duration":4,"failureMessages":[]}],"startTime":1764261419029,"endTime":1764261419510,"status":"failed","message":"","name":"/Users/abhijita/Documents/Project-Prahlada/tests/visual-regression/snapshot-regression.test.tsx"},{"assertionResults":[{"ancestorTitles":["","Text Overflow Stress Tests","Review Card Text Overflow"],"fullName":" Text Overflow Stress Tests Review Card Text Overflow handles ultra-long Hindi text in review cards without breaking layout","status":"passed","title":"handles ultra-long Hindi text in review cards without breaking layout","duration":47,"failureMessages":[]},{"ancestorTitles":["","Text Overflow Stress Tests","Review Card Text Overflow"],"fullName":" Text Overflow Stress Tests Review Card Text Overflow maintains card dimensions with overflowing text","status":"passed","title":"maintains card dimensions with overflowing text","duration":3,"failureMessages":[]},{"ancestorTitles":["","Text Overflow Stress Tests","Analytics Section Title Overflow"],"fullName":" Text Overflow Stress Tests Analytics Section Title Overflow handles long Hindi titles in analytics sections","status":"passed","title":"handles long Hindi titles in analytics sections","duration":257,"failureMessages":[]},{"ancestorTitles":["","Text Overflow Stress Tests","Analytics Section Title Overflow"],"fullName":" Text Overflow Stress Tests Analytics Section Title Overflow prevents title overflow from breaking grid layout","status":"passed","title":"prevents title overflow from breaking grid layout","duration":11,"failureMessages":[]},{"ancestorTitles":["","Text Overflow Stress Tests","Command View Text Handling"],"fullName":" Text Overflow Stress Tests Command View Text Handling manages long Hindi text in command interfaces","status":"passed","title":"manages long Hindi text in command interfaces","duration":40,"failureMessages":[]},{"ancestorTitles":["","Text Overflow Stress Tests","Command View Text Handling"],"fullName":" Text Overflow Stress Tests Command View Text Handling preserves action button layout with long text","status":"passed","title":"preserves action button layout with long text","duration":3,"failureMessages":[]},{"ancestorTitles":["","Text Overflow Stress Tests","Table Cell Overflow Handling"],"fullName":" Text Overflow Stress Tests Table Cell Overflow Handling handles long Hindi text in table cells","status":"passed","title":"handles long Hindi text in table cells","duration":27,"failureMessages":[]},{"ancestorTitles":["","Text Overflow Stress Tests","Table Cell Overflow Handling"],"fullName":" Text Overflow Stress Tests Table Cell Overflow Handling maintains table structure with overflowing content","status":"passed","title":"maintains table structure with overflowing content","duration":4,"failureMessages":[]},{"ancestorTitles":["","Text Overflow Stress Tests","Wrapping Behavior Validation"],"fullName":" Text Overflow Stress Tests Wrapping Behavior Validation ensures proper text wrapping for Hindi content","status":"passed","title":"ensures proper text wrapping for Hindi content","duration":7,"failureMessages":[]},{"ancestorTitles":["","Text Overflow Stress Tests","Wrapping Behavior Validation"],"fullName":" Text Overflow Stress Tests Wrapping Behavior Validation prevents layout breaks from text overflow","status":"passed","title":"prevents layout breaks from text overflow","duration":5,"failureMessages":[]}],"startTime":1764261411442,"endTime":1764261411846,"status":"passed","message":"","name":"/Users/abhijita/Documents/Project-Prahlada/tests/visual-regression/text-overflow-stress.test.tsx"},{"assertionResults":[{"ancestorTitles":["","Z-Index & Overlay Tests","Tooltip Z-Index Management"],"fullName":" Z-Index & Overlay Tests Tooltip Z-Index Management ensures tooltips appear above glass layers","status":"passed","title":"ensures tooltips appear above glass layers","duration":149,"failureMessages":[]},{"ancestorTitles":["","Z-Index & Overlay Tests","Tooltip Z-Index Management"],"fullName":" Z-Index & Overlay Tests Tooltip Z-Index Management maintains tooltip visibility over charts","status":"passed","title":"maintains tooltip visibility over charts","duration":6,"failureMessages":[]},{"ancestorTitles":["","Z-Index & Overlay Tests","Dropdown and Modal Overlays"],"fullName":" Z-Index & Overlay Tests Dropdown and Modal Overlays positions dropdowns above navigation and content","status":"passed","title":"positions dropdowns above navigation and content","duration":79,"failureMessages":[]},{"ancestorTitles":["","Z-Index & Overlay Tests","Dropdown and Modal Overlays"],"fullName":" Z-Index & Overlay Tests Dropdown and Modal Overlays ensures modals overlay entire application","status":"passed","title":"ensures modals overlay entire application","duration":17,"failureMessages":[]},{"ancestorTitles":["","Z-Index & Overlay Tests","Dropdown and Modal Overlays"],"fullName":" Z-Index & Overlay Tests Dropdown and Modal Overlays prevents background interaction when modal is open","status":"passed","title":"prevents background interaction when modal is open","duration":16,"failureMessages":[]},{"ancestorTitles":["","Z-Index & Overlay Tests","Map and Mindmap Overlay Management"],"fullName":" Z-Index & Overlay Tests Map and Mindmap Overlay Management ensures map overlays appear above base map","status":"passed","title":"ensures map overlays appear above base map","duration":4,"failureMessages":[]},{"ancestorTitles":["","Z-Index & Overlay Tests","Map and Mindmap Overlay Management"],"fullName":" Z-Index & Overlay Tests Map and Mindmap Overlay Management positions mindmap tooltips above node connections","status":"passed","title":"positions mindmap tooltips above node connections","duration":10,"failureMessages":[]},{"ancestorTitles":["","Z-Index & Overlay Tests","Map and Mindmap Overlay Management"],"fullName":" Z-Index & Overlay Tests Map and Mindmap Overlay Management maintains overlay visibility during zoom operations","status":"passed","title":"maintains overlay visibility during zoom operations","duration":70,"failureMessages":[]},{"ancestorTitles":["","Z-Index & Overlay Tests","Header and Navigation Overlay Priority"],"fullName":" Z-Index & Overlay Tests Header and Navigation Overlay Priority ensures header elements stay above content","status":"passed","title":"ensures header elements stay above content","duration":18,"failureMessages":[]},{"ancestorTitles":["","Z-Index & Overlay Tests","Header and Navigation Overlay Priority"],"fullName":" Z-Index & Overlay Tests Header and Navigation Overlay Priority maintains navigation priority over page elements","status":"passed","title":"maintains navigation priority over page elements","duration":8,"failureMessages":[]},{"ancestorTitles":["","Z-Index & Overlay Tests","Interactive Element Stacking"],"fullName":" Z-Index & Overlay Tests Interactive Element Stacking manages focus rings above all content","status":"passed","title":"manages focus rings above all content","duration":128,"failureMessages":[]},{"ancestorTitles":["","Z-Index & Overlay Tests","Interactive Element Stacking"],"fullName":" Z-Index & Overlay Tests Interactive Element Stacking handles hover states above background elements","status":"passed","title":"handles hover states above background elements","duration":5,"failureMessages":[]},{"ancestorTitles":["","Z-Index & Overlay Tests","Dynamic Overlay Creation"],"fullName":" Z-Index & Overlay Tests Dynamic Overlay Creation creates overlays at correct z-index levels","status":"passed","title":"creates overlays at correct z-index levels","duration":7,"failureMessages":[]},{"ancestorTitles":["","Z-Index & Overlay Tests","Dynamic Overlay Creation"],"fullName":" Z-Index & Overlay Tests Dynamic Overlay Creation manages overlay stacking order correctly","status":"passed","title":"manages overlay stacking order correctly","duration":5,"failureMessages":[]},{"ancestorTitles":["","Z-Index & Overlay Tests","Responsive Overlay Behavior"],"fullName":" Z-Index & Overlay Tests Responsive Overlay Behavior adapts overlay positioning on mobile viewports","status":"passed","title":"adapts overlay positioning on mobile viewports","duration":4,"failureMessages":[]},{"ancestorTitles":["","Z-Index & Overlay Tests","Responsive Overlay Behavior"],"fullName":" Z-Index & Overlay Tests Responsive Overlay Behavior maintains overlay functionality across breakpoints","status":"passed","title":"maintains overlay functionality across breakpoints","duration":8,"failureMessages":[]}],"startTime":1764261407789,"endTime":1764261408363,"status":"passed","message":"","name":"/Users/abhijita/Documents/Project-Prahlada/tests/visual-regression/z-index-overlays.test.tsx"},{"assertionResults":[{"ancestorTitles":["","CustomBarChart"],"fullName":" CustomBarChart renders the chart container","status":"passed","title":"renders the chart container","duration":74,"failureMessages":[]},{"ancestorTitles":["","CustomBarChart"],"fullName":" CustomBarChart renders with empty data","status":"passed","title":"renders with empty data","duration":3,"failureMessages":[]},{"ancestorTitles":["","CustomBarChart"],"fullName":" CustomBarChart renders with extreme outliers","status":"passed","title":"renders with extreme outliers","duration":12,"failureMessages":[]}],"startTime":1764261449596,"endTime":1764261449685,"status":"passed","message":"","name":"/Users/abhijita/Documents/Project-Prahlada/tests/components/charts/CustomBarChart.test.tsx"},{"assertionResults":[{"ancestorTitles":["","CustomLineChart"],"fullName":" CustomLineChart renders the chart container","status":"passed","title":"renders the chart container","duration":47,"failureMessages":[]},{"ancestorTitles":["","CustomLineChart"],"fullName":" CustomLineChart renders with empty data","status":"passed","title":"renders with empty data","duration":9,"failureMessages":[]}],"startTime":1764261456147,"endTime":1764261456203,"status":"passed","message":"","name":"/Users/abhijita/Documents/Project-Prahlada/tests/components/charts/CustomLineChart.test.tsx"},{"assertionResults":[{"ancestorTitles":["","CustomPieChart"],"fullName":" CustomPieChart renders the chart container","status":"passed","title":"renders the chart container","duration":307,"failureMessages":[]},{"ancestorTitles":["","CustomPieChart"],"fullName":" CustomPieChart renders with empty data gracefully","status":"passed","title":"renders with empty data gracefully","duration":5,"failureMessages":[]},{"ancestorTitles":["","CustomPieChart"],"fullName":" CustomPieChart renders with sparse data","status":"passed","title":"renders with sparse data","duration":233,"failureMessages":[]}],"startTime":1764261451039,"endTime":1764261451586,"status":"passed","message":"","name":"/Users/abhijita/Documents/Project-Prahlada/tests/components/charts/CustomPieChart.test.tsx"}]}