{"numTotalTestSuites":2,"numPassedTestSuites":2,"numFailedTestSuites":0,"numPendingTestSuites":0,"numTotalTests":2,"numPassedTests":2,"numFailedTests":0,"numPendingTests":0,"numTodoTests":0,"startTime":1763925892007,"success":true,"testResults":[{"assertionResults":[{"ancestorTitles":["","Review Page"],"fullName":" Review Page loads and displays pending tweets","status":"passed","title":"loads and displays pending tweets","duration":541,"failureMessages":[]},{"ancestorTitles":["","Review Page"],"fullName":" Review Page approves tweet and moves to next","status":"passed","title":"approves tweet and moves to next","duration":520,"failureMessages":[]}],"startTime":1763925893963,"endTime":1763925895024,"status":"passed","message":"","name":"/Users/abhijita/Documents/Project-Prahlada/tests/pages/Review.test.tsx"}]}