{"numTotalTestSuites":2,"numPassedTestSuites":2,"numFailedTestSuites":0,"numPendingTestSuites":0,"numTotalTests":1,"numPassedTests":1,"numFailedTests":0,"numPendingTests":0,"numTodoTests":0,"startTime":1763825076714,"success":true,"testResults":[{"assertionResults":[{"ancestorTitles":["","RouteGuard"],"fullName":" RouteGuard guards protected routes","status":"passed","title":"guards protected routes","duration":1,"failureMessages":[]}],"startTime":1763825077385,"endTime":1763825077386,"status":"passed","message":"","name":"/Users/abhijita/Documents/Project-Prahlada/tests/security/RouteGuard.test.tsx"}]}